<?xml version="1.0" encoding="UTF-8" ?>
<testsuite tests="10" failures="0" name="IntersectRectanglesTest" time="0.036" errors="0" skipped="0">
  <properties>
[...]
</properties>
  <testcase classname="IntersectRectanglesTest" name="test10" time="0.023"/>
  <testcase classname="IntersectRectanglesTest" name="test1" time="0.001"/>
  <testcase classname="IntersectRectanglesTest" name="test2" time="0.001"/>
  <testcase classname="IntersectRectanglesTest" name="test3" time="0.001"/>
  <testcase classname="IntersectRectanglesTest" name="test4" time="0.002"/>
  <testcase classname="IntersectRectanglesTest" name="test5" time="0.001"/>
  <testcase classname="IntersectRectanglesTest" name="test6" time="0.001"/>
  <testcase classname="IntersectRectanglesTest" name="test7" time="0.003"/>
  <testcase classname="IntersectRectanglesTest" name="test8" time="0.002"/>
  <testcase classname="IntersectRectanglesTest" name="test9" time="0.001"/>
</testsuite>