<?xml version="1.0" encoding="UTF-8"?>
<testsuite xmlns:xsi="http://www.w3.org/2001/XMLSchema-instance" xsi:noNamespaceSchemaLocation="https://maven.apache.org/surefire/maven-surefire-plugin/xsd/surefire-test-report.xsd" name="edu.yu.cs.com1320.project.stage4.impl.DocumentStoreImplTest" time="0.137" tests="31" errors="0" skipped="0" failures="0">
  <properties>
[...]
</properties>
  <testcase name="stage3DeleteAllWithPrefix" classname="edu.yu.cs.com1320.project.stage4.impl.DocumentStoreImplTest" time="0.018"/>
  <testcase name="stage3SearchTxtByPrefix" classname="edu.yu.cs.com1320.project.stage4.impl.DocumentStoreImplTest" time="0.017"/>
  <testcase name="testPutNewVersionOfDocumentBinary" classname="edu.yu.cs.com1320.project.stage4.impl.DocumentStoreImplTest" time="0.001"/>
  <testcase name="stage4TestUpdateDocLastUseTimeOnSearch" classname="edu.yu.cs.com1320.project.stage4.impl.DocumentStoreImplTest" time="0.002"/>
  <testcase name="stage4TestMaxDocBytesViaSearch" classname="edu.yu.cs.com1320.project.stage4.impl.DocumentStoreImplTest" time="0.006"/>
  <testcase name="stage4TestMaxDocCountViaPut" classname="edu.yu.cs.com1320.project.stage4.impl.DocumentStoreImplTest" time="0.001"/>
  <testcase name="testPutBinaryDocumentNoPreviousDocAtURI" classname="edu.yu.cs.com1320.project.stage4.impl.DocumentStoreImplTest" time="0"/>
  <testcase name="stage4TestMaxDocsWhenDoubleMaxViaPut" classname="edu.yu.cs.com1320.project.stage4.impl.DocumentStoreImplTest" time="0.005"/>
  <testcase name="testGetBinaryDocAsBinary" classname="edu.yu.cs.com1320.project.stage4.impl.DocumentStoreImplTest" time="0.001"/>
  <testcase name="stage4TestUpdateDocLastUseTimeOnSearchByPrefix" classname="edu.yu.cs.com1320.project.stage4.impl.DocumentStoreImplTest" time="0.003"/>
  <testcase name="stage3DeleteAllTxt" classname="edu.yu.cs.com1320.project.stage4.impl.DocumentStoreImplTest" time="0.004"/>
  <testcase name="stage4TestMaxBytesWhenDoubleMaxViaPut" classname="edu.yu.cs.com1320.project.stage4.impl.DocumentStoreImplTest" time="0.002"/>
  <testcase name="testPutNewVersionOfDocumentTxt" classname="edu.yu.cs.com1320.project.stage4.impl.DocumentStoreImplTest" time="0.002"/>
  <testcase name="stage4TestUndoAfterMaxBytes" classname="edu.yu.cs.com1320.project.stage4.impl.DocumentStoreImplTest" time="0.003"/>
  <testcase name="stage3SearchBinaryByPrefix" classname="edu.yu.cs.com1320.project.stage4.impl.DocumentStoreImplTest" time="0.017"/>
  <testcase name="stage4TestUndoAfterMaxDocCount" classname="edu.yu.cs.com1320.project.stage4.impl.DocumentStoreImplTest" time="0.001"/>
  <testcase name="stage3SearchBinary" classname="edu.yu.cs.com1320.project.stage4.impl.DocumentStoreImplTest" time="0.003"/>
  <testcase name="testDeleteDoc" classname="edu.yu.cs.com1320.project.stage4.impl.DocumentStoreImplTest" time="0.002"/>
  <testcase name="testDeleteDocReturnValue" classname="edu.yu.cs.com1320.project.stage4.impl.DocumentStoreImplTest" time="0.004"/>
  <testcase name="stage3DeleteAllBinary" classname="edu.yu.cs.com1320.project.stage4.impl.DocumentStoreImplTest" time="0.001"/>
  <testcase name="stage4TestUpdateDocLastUseTimeOnOverwrite" classname="edu.yu.cs.com1320.project.stage4.impl.DocumentStoreImplTest" time="0.001"/>
  <testcase name="stage4TestSetDocLastUseTimeOnGet" classname="edu.yu.cs.com1320.project.stage4.impl.DocumentStoreImplTest" time="0.001"/>
  <testcase name="stage4TestSetDocLastUseTimeOnPut" classname="edu.yu.cs.com1320.project.stage4.impl.DocumentStoreImplTest" time="0.002"/>
  <testcase name="stage3Search" classname="edu.yu.cs.com1320.project.stage4.impl.DocumentStoreImplTest" time="0.005"/>
  <testcase name="stage4TestMaxDocBytesViaPut" classname="edu.yu.cs.com1320.project.stage4.impl.DocumentStoreImplTest" time="0.002"/>
  <testcase name="testPutTxtDocumentNoPreviousDocAtURI" classname="edu.yu.cs.com1320.project.stage4.impl.DocumentStoreImplTest" time="0.002"/>
  <testcase name="testGetTxtDoc" classname="edu.yu.cs.com1320.project.stage4.impl.DocumentStoreImplTest" time="0.001"/>
  <testcase name="testGetTxtDocAsBinary" classname="edu.yu.cs.com1320.project.stage4.impl.DocumentStoreImplTest" time="0.001"/>
  <testcase name="testPutDocumentWithNullArguments" classname="edu.yu.cs.com1320.project.stage4.impl.DocumentStoreImplTest" time="0.001"/>
  <testcase name="stage4TestMaxDocCountViaSearch" classname="edu.yu.cs.com1320.project.stage4.impl.DocumentStoreImplTest" time="0.002"/>
  <testcase name="testGetBinaryDocAsTxt" classname="edu.yu.cs.com1320.project.stage4.impl.DocumentStoreImplTest" time="0"/>
</testsuite>