<?xml version="1.0" encoding="UTF-8"?>
<testsuite xmlns:xsi="http://www.w3.org/2001/XMLSchema-instance" xsi:noNamespaceSchemaLocation="https://maven.apache.org/surefire/maven-surefire-plugin/xsd/surefire-test-report.xsd" name="edu.yu.cs.com1320.project.stage4.impl.MinHeapAPITest" time="0.008" tests="4" errors="0" skipped="0" failures="0">
  <properties>
[...]
</properties>
  <testcase name="interfaceCount" classname="edu.yu.cs.com1320.project.stage4.impl.MinHeapAPITest" time="0.003"/>
  <testcase name="methodCount" classname="edu.yu.cs.com1320.project.stage4.impl.MinHeapAPITest" time="0"/>
  <testcase name="fieldCount" classname="edu.yu.cs.com1320.project.stage4.impl.MinHeapAPITest" time="0"/>
  <testcase name="noargsConstructorExists" classname="edu.yu.cs.com1320.project.stage4.impl.MinHeapAPITest" time="0.001"/>
</testsuite>