<?xml version="1.0" encoding="UTF-8"?>
<testsuite xmlns:xsi="http://www.w3.org/2001/XMLSchema-instance" xsi:noNamespaceSchemaLocation="https://maven.apache.org/surefire/maven-surefire-plugin/xsd/surefire-test-report-3.0.xsd" version="3.0" name="edu.yu.registrar.AccessPointTest" time="0.056" tests="4" errors="0" skipped="0" failures="4">
  <properties>
[...]
</properties>
  <testcase name="courseOfferingsSearchVagueTest" classname="edu.yu.registrar.AccessPointTest" time="0.028">
    <failure type="org.opentest4j.AssertionFailedError"><![CDATA[org.opentest4j.AssertionFailedError: expected: <1> but was: <0>
	at edu.yu.registrar.AccessPointTest.courseOfferingsSearchVagueTest(AccessPointTest.java:96)
]]></failure>
  </testcase>
  <testcase name="DepartmentSearchTest" classname="edu.yu.registrar.AccessPointTest" time="0.001">
    <failure type="org.opentest4j.AssertionFailedError"><![CDATA[org.opentest4j.AssertionFailedError: expected: <2> but was: <0>
	at edu.yu.registrar.AccessPointTest.DepartmentSearchTest(AccessPointTest.java:132)
]]></failure>
  </testcase>
  <testcase name="MajorAndSchoolSearchTest" classname="edu.yu.registrar.AccessPointTest" time="0.001">
    <failure type="org.opentest4j.AssertionFailedError"><![CDATA[org.opentest4j.AssertionFailedError: expected: <1> but was: <0>
	at edu.yu.registrar.AccessPointTest.MajorAndSchoolSearchTest(AccessPointTest.java:172)
]]></failure>
  </testcase>
  <testcase name="gettingCourseOfferings" classname="edu.yu.registrar.AccessPointTest" time="0.001">
    <failure type="org.opentest4j.AssertionFailedError"><![CDATA[org.opentest4j.AssertionFailedError: expected: <3> but was: <0>
	at edu.yu.registrar.AccessPointTest.gettingCourseOfferings(AccessPointTest.java:34)
]]></failure>
  </testcase>
</testsuite>