-------------------------------------------------------------------------------
Test set: edu.yu.cs.com1320.project.DocumentStoreImplTest
-------------------------------------------------------------------------------
Tests run: 1, Failures: 1, Errors: 0, Skipped: 0, Time elapsed: 0.004 s <<< FAILURE! - in edu.yu.cs.com1320.project.DocumentStoreImplTest
testUndo  Time elapsed: 0.004 s  <<< FAILURE!
org.opentest4j.AssertionFailedError: expected: <edu.yu.cs.com1320.project.stage2.impl.DocumentImpl@75b2a4b5> but was: <null>
	at edu.yu.cs.com1320.project.DocumentStoreImplTest.testUndo(DocumentStoreImplTest.java:83)

