<?xml version="1.0" encoding="UTF-8"?>
<testsuite xmlns:xsi="http://www.w3.org/2001/XMLSchema-instance" xsi:noNamespaceSchemaLocation="https://maven.apache.org/surefire/maven-surefire-plugin/xsd/surefire-test-report.xsd" name="edu.yu.cs.com1320.project.DocumentStoreImplTest" time="0.004" tests="1" errors="0" skipped="0" failures="1">
  <properties>
[...]
</properties>
  <testcase name="testUndo" classname="edu.yu.cs.com1320.project.DocumentStoreImplTest" time="0.004">
    <failure message="expected: &lt;edu.yu.cs.com1320.project.stage2.impl.DocumentImpl@75b2a4b5&gt; but was: &lt;null&gt;" type="org.opentest4j.AssertionFailedError"><![CDATA[org.opentest4j.AssertionFailedError: expected: <edu.yu.cs.com1320.project.stage2.impl.DocumentImpl@75b2a4b5> but was: <null>
	at edu.yu.cs.com1320.project.DocumentStoreImplTest.testUndo(DocumentStoreImplTest.java:83)
]]></failure>
  </testcase>
</testsuite>